Worst-Case Timing Paths report for DSD
Sun Nov 26 03:05:42 2023
Quartus Prime Version 22.1std.0 Build 915 10/25/2022 SC Standard Edition


---------------------
; Table of Contents ;
---------------------
  1. Legal Notice
  2. Setup: 'I2S_BCKorDSDCLK'
  3. Hold: 'I2S_BCKorDSDCLK'



----------------
; Legal Notice ;
----------------
Copyright (C) 2022  Intel Corporation. All rights reserved.
Your use of Intel Corporation's design tools, logic functions 
and other software and tools, and any partner logic 
functions, and any output files from any of the foregoing 
(including device programming or simulation files), and any 
associated documentation or information are expressly subject 
to the terms and conditions of the Intel Program License 
Subscription Agreement, the Intel Quartus Prime License Agreement,
the Intel FPGA IP License Agreement, or other applicable license
agreement, including, without limitation, that your use is for
the sole purpose of programming logic devices manufactured by
Intel and sold by Intel or its authorized distributors.  Please
refer to the applicable agreement for further details, at
https://fpgasoftware.intel.com/eula.



+------------------------------------------------------------------------------------------------------------------------------------------------------------------------------------------------------+
; Setup: 'I2S_BCKorDSDCLK'                                                                                                                                                                             ;
+---------+------------------------------------------------------+--------------------------------------------------------+-----------------+-----------------+--------------+------------+------------+
; Slack   ; From Node                                            ; To Node                                                ; Launch Clock    ; Latch Clock     ; Relationship ; Clock Skew ; Data Delay ;
+---------+------------------------------------------------------+--------------------------------------------------------+-----------------+-----------------+--------------+------------+------------+
; -40.878 ; I2S_DATAorDSD1                                       ; DSDLEFT                                                ; I2S_BCKorDSDCLK ; I2S_BCKorDSDCLK ; 40.800       ; 0.000      ; 41.678     ;
; -40.765 ; I2S_LRCKorDSD2                                       ; DSDRIGHT                                               ; I2S_BCKorDSDCLK ; I2S_BCKorDSDCLK ; 40.800       ; 0.000      ; 41.565     ;
; -39.977 ; DSM_1bit:DSM|DSM_MAXIMIZER:b2v_inst13|DSDDATA_Buf[0] ; DSDRIGHT                                               ; I2S_BCKorDSDCLK ; I2S_BCKorDSDCLK ; 20.400       ; -8.782     ; 31.595     ;
; -38.579 ; DSM_1bit:DSM|DSM_SIGMA:b2v_inst1|DATA_Latch_neg[16]  ; DSDLEFT                                                ; I2S_BCKorDSDCLK ; I2S_BCKorDSDCLK ; 20.400       ; -8.782     ; 30.197     ;
; -36.833 ; DSM_1bit:DSM|DSM_SIGMA:b2v_inst4|DATA_Latch_neg[4]   ; DSDRIGHT                                               ; I2S_BCKorDSDCLK ; I2S_BCKorDSDCLK ; 20.400       ; -8.782     ; 28.451     ;
; -36.741 ; DSM_1bit:DSM|DSM_SIGMA:b2v_inst4|DATA_Latch_neg[0]   ; DSDRIGHT                                               ; I2S_BCKorDSDCLK ; I2S_BCKorDSDCLK ; 20.400       ; -8.782     ; 28.359     ;
; -36.711 ; DSM_1bit:DSM|DSM_SIGMA:b2v_inst4|DATA_Latch_neg[5]   ; DSDRIGHT                                               ; I2S_BCKorDSDCLK ; I2S_BCKorDSDCLK ; 20.400       ; -8.782     ; 28.329     ;
; -36.520 ; DSM_1bit:DSM|DSM_SIGMA:b2v_inst4|DATA_Latch_neg[2]   ; DSDRIGHT                                               ; I2S_BCKorDSDCLK ; I2S_BCKorDSDCLK ; 20.400       ; -8.782     ; 28.138     ;
; -36.482 ; DSM_1bit:DSM|DSM_SIGMA:b2v_inst4|DATA_Latch_neg[7]   ; DSDRIGHT                                               ; I2S_BCKorDSDCLK ; I2S_BCKorDSDCLK ; 20.400       ; -8.782     ; 28.100     ;
; -36.379 ; DSM_1bit:DSM|DSM_SIGMA:b2v_inst4|DATA_Latch_neg[3]   ; DSDRIGHT                                               ; I2S_BCKorDSDCLK ; I2S_BCKorDSDCLK ; 20.400       ; -8.782     ; 27.997     ;
; -36.369 ; DSM_1bit:DSM|DSM_SIGMA:b2v_inst4|DATA_Latch_neg[6]   ; DSDRIGHT                                               ; I2S_BCKorDSDCLK ; I2S_BCKorDSDCLK ; 20.400       ; -8.782     ; 27.987     ;
; -36.131 ; DSM_1bit:DSM|DSM_SIGMA:b2v_inst4|DATA_Latch_neg[8]   ; DSDRIGHT                                               ; I2S_BCKorDSDCLK ; I2S_BCKorDSDCLK ; 20.400       ; -8.782     ; 27.749     ;
; -35.744 ; DSM_1bit:DSM|DSM_SIGMA:b2v_inst4|DATA_Latch_neg[9]   ; DSDRIGHT                                               ; I2S_BCKorDSDCLK ; I2S_BCKorDSDCLK ; 20.400       ; -8.782     ; 27.362     ;
; -35.665 ; DSM_1bit:DSM|DSM_SIGMA:b2v_inst4|DATA_Latch_neg[10]  ; DSDRIGHT                                               ; I2S_BCKorDSDCLK ; I2S_BCKorDSDCLK ; 20.400       ; -8.782     ; 27.283     ;
; -35.533 ; DSM_1bit:DSM|DSM_SIGMA:b2v_inst4|DATA_Latch_neg[11]  ; DSDRIGHT                                               ; I2S_BCKorDSDCLK ; I2S_BCKorDSDCLK ; 20.400       ; -8.782     ; 27.151     ;
; -35.485 ; DSM_1bit:DSM|DSM_SIGMA:b2v_inst4|DATA_Latch_neg[1]   ; DSDRIGHT                                               ; I2S_BCKorDSDCLK ; I2S_BCKorDSDCLK ; 20.400       ; -8.782     ; 27.103     ;
; -35.217 ; DSM_1bit:DSM|DSM_SIGMA:b2v_inst4|DATA_Latch_neg[13]  ; DSDRIGHT                                               ; I2S_BCKorDSDCLK ; I2S_BCKorDSDCLK ; 20.400       ; -8.782     ; 26.835     ;
; -35.103 ; DSM_1bit:DSM|DSM_SIGMA:b2v_inst1|DATA_Latch_neg[0]   ; DSDLEFT                                                ; I2S_BCKorDSDCLK ; I2S_BCKorDSDCLK ; 20.400       ; -8.782     ; 26.721     ;
; -35.077 ; DSM_1bit:DSM|DSM_SIGMA:b2v_inst4|DATA_Latch_neg[15]  ; DSDRIGHT                                               ; I2S_BCKorDSDCLK ; I2S_BCKorDSDCLK ; 20.400       ; -8.782     ; 26.695     ;
; -35.058 ; DSM_1bit:DSM|DSM_SIGMA:b2v_inst1|DATA_Latch_neg[4]   ; DSDLEFT                                                ; I2S_BCKorDSDCLK ; I2S_BCKorDSDCLK ; 20.400       ; -8.782     ; 26.676     ;
; -35.005 ; DSM_1bit:DSM|DSM_SIGMA:b2v_inst4|DATA_Latch_neg[14]  ; DSDRIGHT                                               ; I2S_BCKorDSDCLK ; I2S_BCKorDSDCLK ; 20.400       ; -8.782     ; 26.623     ;
; -34.948 ; DSM_1bit:DSM|DSM_SIGMA:b2v_inst1|DATA_Latch_neg[2]   ; DSDLEFT                                                ; I2S_BCKorDSDCLK ; I2S_BCKorDSDCLK ; 20.400       ; -8.782     ; 26.566     ;
; -34.944 ; DSM_1bit:DSM|DSM_SIGMA:b2v_inst1|DATA_Latch_neg[6]   ; DSDLEFT                                                ; I2S_BCKorDSDCLK ; I2S_BCKorDSDCLK ; 20.400       ; -8.782     ; 26.562     ;
; -34.916 ; DSM_1bit:DSM|DSM_SIGMA:b2v_inst1|DATA_Latch_neg[1]   ; DSDLEFT                                                ; I2S_BCKorDSDCLK ; I2S_BCKorDSDCLK ; 20.400       ; -8.782     ; 26.534     ;
; -34.871 ; DSM_1bit:DSM|DSM_SIGMA:b2v_inst1|DATA_Latch_neg[5]   ; DSDLEFT                                                ; I2S_BCKorDSDCLK ; I2S_BCKorDSDCLK ; 20.400       ; -8.782     ; 26.489     ;
; -34.758 ; DSM_1bit:DSM|DSM_SIGMA:b2v_inst4|DATA_Latch_neg[12]  ; DSDRIGHT                                               ; I2S_BCKorDSDCLK ; I2S_BCKorDSDCLK ; 20.400       ; -8.782     ; 26.376     ;
; -34.639 ; DSM_1bit:DSM|DSM_SIGMA:b2v_inst1|DATA_Latch_neg[3]   ; DSDLEFT                                                ; I2S_BCKorDSDCLK ; I2S_BCKorDSDCLK ; 20.400       ; -8.782     ; 26.257     ;
; -34.347 ; DSM_1bit:DSM|DSM_SIGMA:b2v_inst1|DATA_Latch_neg[8]   ; DSDLEFT                                                ; I2S_BCKorDSDCLK ; I2S_BCKorDSDCLK ; 20.400       ; -8.782     ; 25.965     ;
; -34.079 ; DSM_1bit:DSM|DSM_SIGMA:b2v_inst1|DATA_Latch_neg[14]  ; DSDLEFT                                                ; I2S_BCKorDSDCLK ; I2S_BCKorDSDCLK ; 20.400       ; -8.782     ; 25.697     ;
; -34.049 ; DSM_1bit:DSM|DSM_SIGMA:b2v_inst1|DATA_Latch_neg[9]   ; DSDLEFT                                                ; I2S_BCKorDSDCLK ; I2S_BCKorDSDCLK ; 20.400       ; -8.782     ; 25.667     ;
; -34.034 ; DSM_1bit:DSM|DSM_SIGMA:b2v_inst1|DATA_Latch_neg[7]   ; DSDLEFT                                                ; I2S_BCKorDSDCLK ; I2S_BCKorDSDCLK ; 20.400       ; -8.782     ; 25.652     ;
; -33.936 ; DSM_1bit:DSM|DSM_SIGMA:b2v_inst1|DATA_Latch_neg[10]  ; DSDLEFT                                                ; I2S_BCKorDSDCLK ; I2S_BCKorDSDCLK ; 20.400       ; -8.782     ; 25.554     ;
; -33.816 ; DSM_1bit:DSM|DSM_SIGMA:b2v_inst1|DATA_Latch_neg[11]  ; DSDLEFT                                                ; I2S_BCKorDSDCLK ; I2S_BCKorDSDCLK ; 20.400       ; -8.782     ; 25.434     ;
; -33.541 ; DSM_1bit:DSM|DSM_SIGMA:b2v_inst1|DATA_Latch_neg[13]  ; DSDLEFT                                                ; I2S_BCKorDSDCLK ; I2S_BCKorDSDCLK ; 20.400       ; -8.782     ; 25.159     ;
; -33.479 ; DSM_1bit:DSM|DSM_SIGMA:b2v_inst1|DATA_Latch_neg[12]  ; DSDLEFT                                                ; I2S_BCKorDSDCLK ; I2S_BCKorDSDCLK ; 20.400       ; -8.782     ; 25.097     ;
; -33.176 ; DSM_1bit:DSM|DSM_SIGMA:b2v_inst1|DATA_Latch_neg[15]  ; DSDLEFT                                                ; I2S_BCKorDSDCLK ; I2S_BCKorDSDCLK ; 20.400       ; -8.782     ; 24.794     ;
; -21.742 ; I2S_BCKorDSDCLK                                      ; DSDCLK                                                 ; I2S_BCKorDSDCLK ; I2S_BCKorDSDCLK ; 20.400       ; 0.000      ; 22.142     ;
; -1.342  ; I2S_BCKorDSDCLK                                      ; DSDCLK                                                 ; I2S_BCKorDSDCLK ; I2S_BCKorDSDCLK ; 40.800       ; 0.000      ; 22.142     ;
; -0.922  ; I2S_DATAorDSD1                                       ; DSM_1bit:DSM|I2S_PCM_Converter:b2v_inst|DATA_LR_Buf[0] ; I2S_BCKorDSDCLK ; I2S_BCKorDSDCLK ; 40.800       ; 8.782      ; 30.171     ;
; -0.860  ; I2S_LRCKorDSD2                                       ; DSM_1bit:DSM|I2S_PCM_Converter:b2v_inst|WCLK_Buf       ; I2S_BCKorDSDCLK ; I2S_BCKorDSDCLK ; 40.800       ; 8.782      ; 30.109     ;
; 8.974   ; DSM_1bit:DSM|DSM_SIGMA:b2v_inst1|DATA_Latch_neg[16]  ; DSM_1bit:DSM|DSM_MAXIMIZER:b2v_inst12|QUANT_DATA_Buf   ; I2S_BCKorDSDCLK ; I2S_BCKorDSDCLK ; 20.400       ; 0.000      ; 11.093     ;
; 9.023   ; DSM_1bit:DSM|DSM_MAXIMIZER:b2v_inst13|DSDDATA_Buf[0] ; DSM_1bit:DSM|DSM_SIGMA:b2v_inst4|DATA_Latch_pos[16]    ; I2S_BCKorDSDCLK ; I2S_BCKorDSDCLK ; 20.400       ; 0.000      ; 11.044     ;
; 10.897  ; DSM_1bit:DSM|DSM_SIGMA:b2v_inst1|DATA_Latch_neg[16]  ; DSM_1bit:DSM|DSM_SIGMA:b2v_inst1|DATA_Latch_pos[15]    ; I2S_BCKorDSDCLK ; I2S_BCKorDSDCLK ; 20.400       ; 0.000      ; 9.170      ;
; 10.897  ; DSM_1bit:DSM|DSM_SIGMA:b2v_inst1|DATA_Latch_neg[16]  ; DSM_1bit:DSM|DSM_SIGMA:b2v_inst1|DATA_Latch_pos[14]    ; I2S_BCKorDSDCLK ; I2S_BCKorDSDCLK ; 20.400       ; 0.000      ; 9.170      ;
; 10.897  ; DSM_1bit:DSM|DSM_SIGMA:b2v_inst1|DATA_Latch_neg[16]  ; DSM_1bit:DSM|DSM_SIGMA:b2v_inst1|DATA_Latch_pos[13]    ; I2S_BCKorDSDCLK ; I2S_BCKorDSDCLK ; 20.400       ; 0.000      ; 9.170      ;
; 11.190  ; DSM_1bit:DSM|DSM_MAXIMIZER:b2v_inst13|DSDDATA_Buf[0] ; DSM_1bit:DSM|DSM_SIGMA:b2v_inst4|DATA_Latch_pos[12]    ; I2S_BCKorDSDCLK ; I2S_BCKorDSDCLK ; 20.400       ; 0.000      ; 8.877      ;
; 11.190  ; DSM_1bit:DSM|DSM_MAXIMIZER:b2v_inst13|DSDDATA_Buf[0] ; DSM_1bit:DSM|DSM_SIGMA:b2v_inst4|DATA_Latch_pos[11]    ; I2S_BCKorDSDCLK ; I2S_BCKorDSDCLK ; 20.400       ; 0.000      ; 8.877      ;
; 11.190  ; DSM_1bit:DSM|DSM_MAXIMIZER:b2v_inst13|DSDDATA_Buf[0] ; DSM_1bit:DSM|DSM_SIGMA:b2v_inst4|DATA_Latch_pos[10]    ; I2S_BCKorDSDCLK ; I2S_BCKorDSDCLK ; 20.400       ; 0.000      ; 8.877      ;
; 11.190  ; DSM_1bit:DSM|DSM_MAXIMIZER:b2v_inst13|DSDDATA_Buf[0] ; DSM_1bit:DSM|DSM_SIGMA:b2v_inst4|DATA_Latch_pos[9]     ; I2S_BCKorDSDCLK ; I2S_BCKorDSDCLK ; 20.400       ; 0.000      ; 8.877      ;
; 11.190  ; DSM_1bit:DSM|DSM_MAXIMIZER:b2v_inst13|DSDDATA_Buf[0] ; DSM_1bit:DSM|DSM_SIGMA:b2v_inst4|DATA_Latch_pos[8]     ; I2S_BCKorDSDCLK ; I2S_BCKorDSDCLK ; 20.400       ; 0.000      ; 8.877      ;
; 11.203  ; DSM_1bit:DSM|DSM_MAXIMIZER:b2v_inst13|DSDDATA_Buf[0] ; DSM_1bit:DSM|DSM_SIGMA:b2v_inst4|DATA_Latch_pos[15]    ; I2S_BCKorDSDCLK ; I2S_BCKorDSDCLK ; 20.400       ; 0.000      ; 8.864      ;
; 11.203  ; DSM_1bit:DSM|DSM_MAXIMIZER:b2v_inst13|DSDDATA_Buf[0] ; DSM_1bit:DSM|DSM_SIGMA:b2v_inst4|DATA_Latch_pos[14]    ; I2S_BCKorDSDCLK ; I2S_BCKorDSDCLK ; 20.400       ; 0.000      ; 8.864      ;
; 11.203  ; DSM_1bit:DSM|DSM_MAXIMIZER:b2v_inst13|DSDDATA_Buf[0] ; DSM_1bit:DSM|DSM_SIGMA:b2v_inst4|DATA_Latch_pos[13]    ; I2S_BCKorDSDCLK ; I2S_BCKorDSDCLK ; 20.400       ; 0.000      ; 8.864      ;
; 11.364  ; DSM_1bit:DSM|DSM_SIGMA:b2v_inst1|DATA_Latch_neg[16]  ; DSM_1bit:DSM|DSM_SIGMA:b2v_inst1|DATA_Latch_pos[12]    ; I2S_BCKorDSDCLK ; I2S_BCKorDSDCLK ; 20.400       ; 0.000      ; 8.703      ;
; 11.487  ; DSM_1bit:DSM|DSM_SIGMA:b2v_inst1|DATA_Latch_neg[16]  ; DSM_1bit:DSM|DSM_SIGMA:b2v_inst1|DATA_Latch_pos[11]    ; I2S_BCKorDSDCLK ; I2S_BCKorDSDCLK ; 20.400       ; 0.000      ; 8.580      ;
; 11.610  ; DSM_1bit:DSM|DSM_SIGMA:b2v_inst1|DATA_Latch_neg[16]  ; DSM_1bit:DSM|DSM_SIGMA:b2v_inst1|DATA_Latch_pos[10]    ; I2S_BCKorDSDCLK ; I2S_BCKorDSDCLK ; 20.400       ; 0.000      ; 8.457      ;
; 11.731  ; DSM_1bit:DSM|DSM_SIGMA:b2v_inst1|DATA_Latch_neg[16]  ; DSM_1bit:DSM|DSM_SIGMA:b2v_inst1|DATA_Latch_pos[9]     ; I2S_BCKorDSDCLK ; I2S_BCKorDSDCLK ; 20.400       ; 0.000      ; 8.336      ;
; 11.731  ; DSM_1bit:DSM|DSM_SIGMA:b2v_inst1|DATA_Latch_neg[16]  ; DSM_1bit:DSM|DSM_SIGMA:b2v_inst1|DATA_Latch_pos[8]     ; I2S_BCKorDSDCLK ; I2S_BCKorDSDCLK ; 20.400       ; 0.000      ; 8.336      ;
; 12.054  ; DSM_1bit:DSM|DSM_MAXIMIZER:b2v_inst13|DSDDATA_Buf[0] ; DSM_1bit:DSM|DSM_SIGMA:b2v_inst4|DATA_Latch_pos[7]     ; I2S_BCKorDSDCLK ; I2S_BCKorDSDCLK ; 20.400       ; 0.000      ; 8.013      ;
; 12.167  ; DSM_1bit:DSM|DSM_SIGMA:b2v_inst4|DATA_Latch_neg[4]   ; DSM_1bit:DSM|DSM_SIGMA:b2v_inst4|DATA_Latch_pos[16]    ; I2S_BCKorDSDCLK ; I2S_BCKorDSDCLK ; 20.400       ; 0.000      ; 7.900      ;
; 12.177  ; DSM_1bit:DSM|DSM_MAXIMIZER:b2v_inst13|DSDDATA_Buf[0] ; DSM_1bit:DSM|DSM_SIGMA:b2v_inst4|DATA_Latch_pos[6]     ; I2S_BCKorDSDCLK ; I2S_BCKorDSDCLK ; 20.400       ; 0.000      ; 7.890      ;
; 12.259  ; DSM_1bit:DSM|DSM_SIGMA:b2v_inst4|DATA_Latch_neg[0]   ; DSM_1bit:DSM|DSM_SIGMA:b2v_inst4|DATA_Latch_pos[16]    ; I2S_BCKorDSDCLK ; I2S_BCKorDSDCLK ; 20.400       ; 0.000      ; 7.808      ;
; 12.289  ; DSM_1bit:DSM|DSM_SIGMA:b2v_inst4|DATA_Latch_neg[5]   ; DSM_1bit:DSM|DSM_SIGMA:b2v_inst4|DATA_Latch_pos[16]    ; I2S_BCKorDSDCLK ; I2S_BCKorDSDCLK ; 20.400       ; 0.000      ; 7.778      ;
; 12.300  ; DSM_1bit:DSM|DSM_MAXIMIZER:b2v_inst13|DSDDATA_Buf[0] ; DSM_1bit:DSM|DSM_SIGMA:b2v_inst4|DATA_Latch_pos[5]     ; I2S_BCKorDSDCLK ; I2S_BCKorDSDCLK ; 20.400       ; 0.000      ; 7.767      ;
; 12.409  ; DSM_1bit:DSM|DSM_MAXIMIZER:b2v_inst13|DSDDATA_Buf[0] ; DSM_1bit:DSM|DSM_SIGMA:b2v_inst4|DATA_Latch_pos[4]     ; I2S_BCKorDSDCLK ; I2S_BCKorDSDCLK ; 20.400       ; 0.000      ; 7.658      ;
; 12.409  ; DSM_1bit:DSM|DSM_MAXIMIZER:b2v_inst13|DSDDATA_Buf[0] ; DSM_1bit:DSM|DSM_SIGMA:b2v_inst4|DATA_Latch_pos[3]     ; I2S_BCKorDSDCLK ; I2S_BCKorDSDCLK ; 20.400       ; 0.000      ; 7.658      ;
; 12.450  ; DSM_1bit:DSM|DSM_SIGMA:b2v_inst1|DATA_Latch_neg[0]   ; DSM_1bit:DSM|DSM_MAXIMIZER:b2v_inst12|QUANT_DATA_Buf   ; I2S_BCKorDSDCLK ; I2S_BCKorDSDCLK ; 20.400       ; 0.000      ; 7.617      ;
; 12.477  ; DSM_1bit:DSM|DSM_SIGMA:b2v_inst1|DATA_Latch_neg[16]  ; DSM_1bit:DSM|DSM_SIGMA:b2v_inst1|DATA_Latch_pos[7]     ; I2S_BCKorDSDCLK ; I2S_BCKorDSDCLK ; 20.400       ; 0.000      ; 7.590      ;
; 12.477  ; DSM_1bit:DSM|DSM_SIGMA:b2v_inst1|DATA_Latch_neg[16]  ; DSM_1bit:DSM|DSM_SIGMA:b2v_inst1|DATA_Latch_pos[6]     ; I2S_BCKorDSDCLK ; I2S_BCKorDSDCLK ; 20.400       ; 0.000      ; 7.590      ;
; 12.477  ; DSM_1bit:DSM|DSM_SIGMA:b2v_inst1|DATA_Latch_neg[16]  ; DSM_1bit:DSM|DSM_SIGMA:b2v_inst1|DATA_Latch_pos[5]     ; I2S_BCKorDSDCLK ; I2S_BCKorDSDCLK ; 20.400       ; 0.000      ; 7.590      ;
; 12.477  ; DSM_1bit:DSM|DSM_SIGMA:b2v_inst1|DATA_Latch_neg[16]  ; DSM_1bit:DSM|DSM_SIGMA:b2v_inst1|DATA_Latch_pos[4]     ; I2S_BCKorDSDCLK ; I2S_BCKorDSDCLK ; 20.400       ; 0.000      ; 7.590      ;
; 12.477  ; DSM_1bit:DSM|DSM_SIGMA:b2v_inst1|DATA_Latch_neg[16]  ; DSM_1bit:DSM|DSM_SIGMA:b2v_inst1|DATA_Latch_pos[3]     ; I2S_BCKorDSDCLK ; I2S_BCKorDSDCLK ; 20.400       ; 0.000      ; 7.590      ;
; 12.480  ; DSM_1bit:DSM|DSM_SIGMA:b2v_inst4|DATA_Latch_neg[2]   ; DSM_1bit:DSM|DSM_SIGMA:b2v_inst4|DATA_Latch_pos[16]    ; I2S_BCKorDSDCLK ; I2S_BCKorDSDCLK ; 20.400       ; 0.000      ; 7.587      ;
; 12.495  ; DSM_1bit:DSM|DSM_SIGMA:b2v_inst1|DATA_Latch_neg[4]   ; DSM_1bit:DSM|DSM_MAXIMIZER:b2v_inst12|QUANT_DATA_Buf   ; I2S_BCKorDSDCLK ; I2S_BCKorDSDCLK ; 20.400       ; 0.000      ; 7.572      ;
; 12.518  ; DSM_1bit:DSM|DSM_SIGMA:b2v_inst4|DATA_Latch_neg[7]   ; DSM_1bit:DSM|DSM_SIGMA:b2v_inst4|DATA_Latch_pos[16]    ; I2S_BCKorDSDCLK ; I2S_BCKorDSDCLK ; 20.400       ; 0.000      ; 7.549      ;
; 12.605  ; DSM_1bit:DSM|DSM_SIGMA:b2v_inst1|DATA_Latch_neg[2]   ; DSM_1bit:DSM|DSM_MAXIMIZER:b2v_inst12|QUANT_DATA_Buf   ; I2S_BCKorDSDCLK ; I2S_BCKorDSDCLK ; 20.400       ; 0.000      ; 7.462      ;
; 12.609  ; DSM_1bit:DSM|DSM_SIGMA:b2v_inst1|DATA_Latch_neg[6]   ; DSM_1bit:DSM|DSM_MAXIMIZER:b2v_inst12|QUANT_DATA_Buf   ; I2S_BCKorDSDCLK ; I2S_BCKorDSDCLK ; 20.400       ; 0.000      ; 7.458      ;
; 12.621  ; DSM_1bit:DSM|DSM_SIGMA:b2v_inst4|DATA_Latch_neg[3]   ; DSM_1bit:DSM|DSM_SIGMA:b2v_inst4|DATA_Latch_pos[16]    ; I2S_BCKorDSDCLK ; I2S_BCKorDSDCLK ; 20.400       ; 0.000      ; 7.446      ;
; 12.631  ; DSM_1bit:DSM|DSM_SIGMA:b2v_inst4|DATA_Latch_neg[6]   ; DSM_1bit:DSM|DSM_SIGMA:b2v_inst4|DATA_Latch_pos[16]    ; I2S_BCKorDSDCLK ; I2S_BCKorDSDCLK ; 20.400       ; 0.000      ; 7.436      ;
; 12.637  ; DSM_1bit:DSM|DSM_SIGMA:b2v_inst1|DATA_Latch_neg[1]   ; DSM_1bit:DSM|DSM_MAXIMIZER:b2v_inst12|QUANT_DATA_Buf   ; I2S_BCKorDSDCLK ; I2S_BCKorDSDCLK ; 20.400       ; 0.000      ; 7.430      ;
; 12.682  ; DSM_1bit:DSM|DSM_SIGMA:b2v_inst1|DATA_Latch_neg[5]   ; DSM_1bit:DSM|DSM_MAXIMIZER:b2v_inst12|QUANT_DATA_Buf   ; I2S_BCKorDSDCLK ; I2S_BCKorDSDCLK ; 20.400       ; 0.000      ; 7.385      ;
; 12.869  ; DSM_1bit:DSM|DSM_SIGMA:b2v_inst4|DATA_Latch_neg[8]   ; DSM_1bit:DSM|DSM_SIGMA:b2v_inst4|DATA_Latch_pos[16]    ; I2S_BCKorDSDCLK ; I2S_BCKorDSDCLK ; 20.400       ; 0.000      ; 7.198      ;
; 12.914  ; DSM_1bit:DSM|DSM_SIGMA:b2v_inst1|DATA_Latch_neg[3]   ; DSM_1bit:DSM|DSM_MAXIMIZER:b2v_inst12|QUANT_DATA_Buf   ; I2S_BCKorDSDCLK ; I2S_BCKorDSDCLK ; 20.400       ; 0.000      ; 7.153      ;
; 13.088  ; DSM_1bit:DSM|DSM_MAXIMIZER:b2v_inst13|DSDDATA_Buf[0] ; DSM_1bit:DSM|DSM_SIGMA:b2v_inst4|DATA_Latch_pos[2]     ; I2S_BCKorDSDCLK ; I2S_BCKorDSDCLK ; 20.400       ; 0.000      ; 6.979      ;
; 13.206  ; DSM_1bit:DSM|DSM_SIGMA:b2v_inst1|DATA_Latch_neg[8]   ; DSM_1bit:DSM|DSM_MAXIMIZER:b2v_inst12|QUANT_DATA_Buf   ; I2S_BCKorDSDCLK ; I2S_BCKorDSDCLK ; 20.400       ; 0.000      ; 6.861      ;
; 13.211  ; DSM_1bit:DSM|DSM_MAXIMIZER:b2v_inst13|DSDDATA_Buf[0] ; DSM_1bit:DSM|DSM_SIGMA:b2v_inst4|DATA_Latch_pos[1]     ; I2S_BCKorDSDCLK ; I2S_BCKorDSDCLK ; 20.400       ; 0.000      ; 6.856      ;
; 13.256  ; DSM_1bit:DSM|DSM_SIGMA:b2v_inst4|DATA_Latch_neg[9]   ; DSM_1bit:DSM|DSM_SIGMA:b2v_inst4|DATA_Latch_pos[16]    ; I2S_BCKorDSDCLK ; I2S_BCKorDSDCLK ; 20.400       ; 0.000      ; 6.811      ;
; 13.319  ; DSM_1bit:DSM|DSM_SIGMA:b2v_inst1|DATA_Latch_neg[16]  ; DSM_1bit:DSM|DSM_SIGMA:b2v_inst1|DATA_Latch_pos[2]     ; I2S_BCKorDSDCLK ; I2S_BCKorDSDCLK ; 20.400       ; 0.000      ; 6.748      ;
; 13.335  ; DSM_1bit:DSM|DSM_SIGMA:b2v_inst4|DATA_Latch_neg[10]  ; DSM_1bit:DSM|DSM_SIGMA:b2v_inst4|DATA_Latch_pos[16]    ; I2S_BCKorDSDCLK ; I2S_BCKorDSDCLK ; 20.400       ; 0.000      ; 6.732      ;
; 13.442  ; DSM_1bit:DSM|DSM_SIGMA:b2v_inst1|DATA_Latch_neg[16]  ; DSM_1bit:DSM|DSM_SIGMA:b2v_inst1|DATA_Latch_pos[1]     ; I2S_BCKorDSDCLK ; I2S_BCKorDSDCLK ; 20.400       ; 0.000      ; 6.625      ;
; 13.467  ; DSM_1bit:DSM|DSM_SIGMA:b2v_inst4|DATA_Latch_neg[11]  ; DSM_1bit:DSM|DSM_SIGMA:b2v_inst4|DATA_Latch_pos[16]    ; I2S_BCKorDSDCLK ; I2S_BCKorDSDCLK ; 20.400       ; 0.000      ; 6.600      ;
; 13.474  ; DSM_1bit:DSM|DSM_SIGMA:b2v_inst1|DATA_Latch_neg[14]  ; DSM_1bit:DSM|DSM_MAXIMIZER:b2v_inst12|QUANT_DATA_Buf   ; I2S_BCKorDSDCLK ; I2S_BCKorDSDCLK ; 20.400       ; 0.000      ; 6.593      ;
; 13.504  ; DSM_1bit:DSM|DSM_SIGMA:b2v_inst1|DATA_Latch_neg[9]   ; DSM_1bit:DSM|DSM_MAXIMIZER:b2v_inst12|QUANT_DATA_Buf   ; I2S_BCKorDSDCLK ; I2S_BCKorDSDCLK ; 20.400       ; 0.000      ; 6.563      ;
; 13.515  ; DSM_1bit:DSM|DSM_SIGMA:b2v_inst4|DATA_Latch_neg[1]   ; DSM_1bit:DSM|DSM_SIGMA:b2v_inst4|DATA_Latch_pos[16]    ; I2S_BCKorDSDCLK ; I2S_BCKorDSDCLK ; 20.400       ; 0.000      ; 6.552      ;
; 13.519  ; DSM_1bit:DSM|DSM_SIGMA:b2v_inst1|DATA_Latch_neg[7]   ; DSM_1bit:DSM|DSM_MAXIMIZER:b2v_inst12|QUANT_DATA_Buf   ; I2S_BCKorDSDCLK ; I2S_BCKorDSDCLK ; 20.400       ; 0.000      ; 6.548      ;
; 13.617  ; DSM_1bit:DSM|DSM_SIGMA:b2v_inst1|DATA_Latch_neg[10]  ; DSM_1bit:DSM|DSM_MAXIMIZER:b2v_inst12|QUANT_DATA_Buf   ; I2S_BCKorDSDCLK ; I2S_BCKorDSDCLK ; 20.400       ; 0.000      ; 6.450      ;
; 13.737  ; DSM_1bit:DSM|DSM_SIGMA:b2v_inst1|DATA_Latch_neg[11]  ; DSM_1bit:DSM|DSM_MAXIMIZER:b2v_inst12|QUANT_DATA_Buf   ; I2S_BCKorDSDCLK ; I2S_BCKorDSDCLK ; 20.400       ; 0.000      ; 6.330      ;
; 13.783  ; DSM_1bit:DSM|DSM_SIGMA:b2v_inst4|DATA_Latch_neg[13]  ; DSM_1bit:DSM|DSM_SIGMA:b2v_inst4|DATA_Latch_pos[16]    ; I2S_BCKorDSDCLK ; I2S_BCKorDSDCLK ; 20.400       ; 0.000      ; 6.284      ;
; 13.923  ; DSM_1bit:DSM|DSM_SIGMA:b2v_inst4|DATA_Latch_neg[15]  ; DSM_1bit:DSM|DSM_SIGMA:b2v_inst4|DATA_Latch_pos[16]    ; I2S_BCKorDSDCLK ; I2S_BCKorDSDCLK ; 20.400       ; 0.000      ; 6.144      ;
; 13.995  ; DSM_1bit:DSM|DSM_SIGMA:b2v_inst4|DATA_Latch_neg[14]  ; DSM_1bit:DSM|DSM_SIGMA:b2v_inst4|DATA_Latch_pos[16]    ; I2S_BCKorDSDCLK ; I2S_BCKorDSDCLK ; 20.400       ; 0.000      ; 6.072      ;
+---------+------------------------------------------------------+--------------------------------------------------------+-----------------+-----------------+--------------+------------+------------+


+---------------------------------------------------------------------------------------------------------------------------------------------------------------------------------------------------------+
; Hold: 'I2S_BCKorDSDCLK'                                                                                                                                                                                 ;
+--------+---------------------------------------------------------+---------------------------------------------------------+-----------------+-----------------+--------------+------------+------------+
; Slack  ; From Node                                               ; To Node                                                 ; Launch Clock    ; Latch Clock     ; Relationship ; Clock Skew ; Data Delay ;
+--------+---------------------------------------------------------+---------------------------------------------------------+-----------------+-----------------+--------------+------------+------------+
; 1.106  ; I2S_LRCKorDSD2                                          ; DSM_1bit:DSM|I2S_PCM_Converter:b2v_inst|WCLK_Buf        ; I2S_BCKorDSDCLK ; I2S_BCKorDSDCLK ; 0.000        ; 8.782      ; 30.109     ;
; 1.168  ; I2S_DATAorDSD1                                          ; DSM_1bit:DSM|I2S_PCM_Converter:b2v_inst|DATA_LR_Buf[0]  ; I2S_BCKorDSDCLK ; I2S_BCKorDSDCLK ; 0.000        ; 8.782      ; 30.171     ;
; 1.395  ; DSM_1bit:DSM|I2S_PCM_Converter:b2v_inst|DATA_LR_Buf[14] ; DSM_1bit:DSM|I2S_PCM_Converter:b2v_inst|DATA_LR_Buf[15] ; I2S_BCKorDSDCLK ; I2S_BCKorDSDCLK ; 0.000        ; 0.000      ; 1.616      ;
; 1.395  ; DSM_1bit:DSM|I2S_PCM_Converter:b2v_inst|DATA_LR_Buf[17] ; DSM_1bit:DSM|I2S_PCM_Converter:b2v_inst|DATA_LR_Buf[18] ; I2S_BCKorDSDCLK ; I2S_BCKorDSDCLK ; 0.000        ; 0.000      ; 1.616      ;
; 1.395  ; DSM_1bit:DSM|I2S_PCM_Converter:b2v_inst|DATA_LR_Buf[15] ; DSM_1bit:DSM|I2S_PCM_Converter:b2v_inst|DATA_LR_Buf[16] ; I2S_BCKorDSDCLK ; I2S_BCKorDSDCLK ; 0.000        ; 0.000      ; 1.616      ;
; 1.401  ; DSM_1bit:DSM|I2S_PCM_Converter:b2v_inst|DATA_LR_Buf[6]  ; DSM_1bit:DSM|I2S_PCM_Converter:b2v_inst|DATA_LR_Buf[7]  ; I2S_BCKorDSDCLK ; I2S_BCKorDSDCLK ; 0.000        ; 0.000      ; 1.622      ;
; 1.406  ; DSM_1bit:DSM|I2S_PCM_Converter:b2v_inst|DATA_LR_Buf[9]  ; DSM_1bit:DSM|I2S_PCM_Converter:b2v_inst|DATA_LR_Buf[10] ; I2S_BCKorDSDCLK ; I2S_BCKorDSDCLK ; 0.000        ; 0.000      ; 1.627      ;
; 1.408  ; DSM_1bit:DSM|I2S_PCM_Converter:b2v_inst|DATA_LR_Buf[0]  ; DSM_1bit:DSM|I2S_PCM_Converter:b2v_inst|DATA_LR_Buf[1]  ; I2S_BCKorDSDCLK ; I2S_BCKorDSDCLK ; 0.000        ; 0.000      ; 1.629      ;
; 1.416  ; DSM_1bit:DSM|I2S_PCM_Converter:b2v_inst|DATA_LR_Buf[28] ; DSM_1bit:DSM|I2S_PCM_Converter:b2v_inst|DATA_LR_Buf[29] ; I2S_BCKorDSDCLK ; I2S_BCKorDSDCLK ; 0.000        ; 0.000      ; 1.637      ;
; 1.416  ; DSM_1bit:DSM|I2S_PCM_Converter:b2v_inst|DATA_LR_Buf[19] ; DSM_1bit:DSM|I2S_PCM_Converter:b2v_inst|DATA_LR_Buf[20] ; I2S_BCKorDSDCLK ; I2S_BCKorDSDCLK ; 0.000        ; 0.000      ; 1.637      ;
; 1.418  ; DSM_1bit:DSM|I2S_PCM_Converter:b2v_inst|DATA_LR_Buf[22] ; DSM_1bit:DSM|I2S_PCM_Converter:b2v_inst|DATA_LR_Buf[23] ; I2S_BCKorDSDCLK ; I2S_BCKorDSDCLK ; 0.000        ; 0.000      ; 1.639      ;
; 1.419  ; DSM_1bit:DSM|I2S_PCM_Converter:b2v_inst|DATA_LR_Buf[18] ; DSM_1bit:DSM|I2S_PCM_Converter:b2v_inst|DATA_LR_Buf[19] ; I2S_BCKorDSDCLK ; I2S_BCKorDSDCLK ; 0.000        ; 0.000      ; 1.640      ;
; 1.420  ; DSM_1bit:DSM|I2S_PCM_Converter:b2v_inst|DATA_LR_Buf[27] ; DSM_1bit:DSM|I2S_PCM_Converter:b2v_inst|DATA_LR_Buf[28] ; I2S_BCKorDSDCLK ; I2S_BCKorDSDCLK ; 0.000        ; 0.000      ; 1.641      ;
; 1.420  ; DSM_1bit:DSM|I2S_PCM_Converter:b2v_inst|DATA_LR_Buf[23] ; DSM_1bit:DSM|I2S_PCM_Converter:b2v_inst|DATA_LR_Buf[24] ; I2S_BCKorDSDCLK ; I2S_BCKorDSDCLK ; 0.000        ; 0.000      ; 1.641      ;
; 1.432  ; DSM_1bit:DSM|I2S_PCM_Converter:b2v_inst|DATA_LR_Buf[11] ; DSM_1bit:DSM|I2S_PCM_Converter:b2v_inst|DATA_LR_Buf[12] ; I2S_BCKorDSDCLK ; I2S_BCKorDSDCLK ; 0.000        ; 0.000      ; 1.653      ;
; 1.437  ; DSM_1bit:DSM|I2S_PCM_Converter:b2v_inst|DATA_LR_Buf[10] ; DSM_1bit:DSM|I2S_PCM_Converter:b2v_inst|DATA_LR_Buf[11] ; I2S_BCKorDSDCLK ; I2S_BCKorDSDCLK ; 0.000        ; 0.000      ; 1.658      ;
; 1.440  ; DSM_1bit:DSM|I2S_PCM_Converter:b2v_inst|DATA_LR_Buf[8]  ; DSM_1bit:DSM|I2S_PCM_Converter:b2v_inst|DATA_LR_Buf[9]  ; I2S_BCKorDSDCLK ; I2S_BCKorDSDCLK ; 0.000        ; 0.000      ; 1.661      ;
; 1.456  ; DSM_1bit:DSM|I2S_PCM_Converter:b2v_inst|DATA_LR_Buf[1]  ; DSM_1bit:DSM|I2S_PCM_Converter:b2v_inst|DATA_LR_Buf[2]  ; I2S_BCKorDSDCLK ; I2S_BCKorDSDCLK ; 0.000        ; 0.000      ; 1.677      ;
; 1.565  ; I2S_LRCKorDSD2                                          ; DSDRIGHT                                                ; I2S_BCKorDSDCLK ; I2S_BCKorDSDCLK ; 0.000        ; 0.000      ; 41.565     ;
; 1.661  ; DSM_1bit:DSM|I2S_PCM_Converter:b2v_inst|DATA_LR_Buf[5]  ; DSM_1bit:DSM|I2S_PCM_Converter:b2v_inst|DATA_LR_Buf[6]  ; I2S_BCKorDSDCLK ; I2S_BCKorDSDCLK ; 0.000        ; 0.000      ; 1.882      ;
; 1.665  ; DSM_1bit:DSM|I2S_PCM_Converter:b2v_inst|DATA_LR_Buf[20] ; DSM_1bit:DSM|I2S_PCM_Converter:b2v_inst|DATA_LR_Buf[21] ; I2S_BCKorDSDCLK ; I2S_BCKorDSDCLK ; 0.000        ; 0.000      ; 1.886      ;
; 1.666  ; DSM_1bit:DSM|I2S_PCM_Converter:b2v_inst|DATA_LR_Buf[13] ; DSM_1bit:DSM|I2S_PCM_Converter:b2v_inst|DATA_LR_Buf[14] ; I2S_BCKorDSDCLK ; I2S_BCKorDSDCLK ; 0.000        ; 0.000      ; 1.887      ;
; 1.678  ; I2S_DATAorDSD1                                          ; DSDLEFT                                                 ; I2S_BCKorDSDCLK ; I2S_BCKorDSDCLK ; 0.000        ; 0.000      ; 41.678     ;
; 1.683  ; DSM_1bit:DSM|I2S_PCM_Converter:b2v_inst|DATA_LR_Buf[2]  ; DSM_1bit:DSM|I2S_PCM_Converter:b2v_inst|DATA_LR_Buf[3]  ; I2S_BCKorDSDCLK ; I2S_BCKorDSDCLK ; 0.000        ; 0.000      ; 1.904      ;
; 1.686  ; DSM_1bit:DSM|I2S_PCM_Converter:b2v_inst|DATA_LR_Buf[30] ; DSM_1bit:DSM|I2S_PCM_Converter:b2v_inst|DATA_LR_Buf[31] ; I2S_BCKorDSDCLK ; I2S_BCKorDSDCLK ; 0.000        ; 0.000      ; 1.907      ;
; 1.687  ; DSM_1bit:DSM|I2S_PCM_Converter:b2v_inst|DATA_LR_Buf[3]  ; DSM_1bit:DSM|I2S_PCM_Converter:b2v_inst|DATA_LR_Buf[4]  ; I2S_BCKorDSDCLK ; I2S_BCKorDSDCLK ; 0.000        ; 0.000      ; 1.908      ;
; 1.693  ; DSM_1bit:DSM|I2S_PCM_Converter:b2v_inst|DATA_LR_Buf[29] ; DSM_1bit:DSM|I2S_PCM_Converter:b2v_inst|DATA_LR_Buf[30] ; I2S_BCKorDSDCLK ; I2S_BCKorDSDCLK ; 0.000        ; 0.000      ; 1.914      ;
; 1.769  ; DSM_1bit:DSM|I2S_PCM_Converter:b2v_inst|DATA_LR_Buf[24] ; DSM_1bit:DSM|I2S_PCM_Converter:b2v_inst|DATA_LR_Buf[25] ; I2S_BCKorDSDCLK ; I2S_BCKorDSDCLK ; 0.000        ; 0.000      ; 1.990      ;
; 1.773  ; DSM_1bit:DSM|I2S_PCM_Converter:b2v_inst|DATA_LR_Buf[4]  ; DSM_1bit:DSM|I2S_PCM_Converter:b2v_inst|DATA_LR_Buf[5]  ; I2S_BCKorDSDCLK ; I2S_BCKorDSDCLK ; 0.000        ; 0.000      ; 1.994      ;
; 1.832  ; DSM_1bit:DSM|I2S_PCM_Converter:b2v_inst|DATA_LR_Buf[26] ; DSM_1bit:DSM|I2S_PCM_Converter:b2v_inst|DATA_LR_Buf[27] ; I2S_BCKorDSDCLK ; I2S_BCKorDSDCLK ; 0.000        ; 0.000      ; 2.053      ;
; 2.054  ; DSM_1bit:DSM|I2S_PCM_Converter:b2v_inst|DATA_LR_Buf[25] ; DSM_1bit:DSM|I2S_PCM_Converter:b2v_inst|DATA_LR_Buf[26] ; I2S_BCKorDSDCLK ; I2S_BCKorDSDCLK ; 0.000        ; 0.000      ; 2.275      ;
; 2.142  ; I2S_BCKorDSDCLK                                         ; DSDCLK                                                  ; I2S_BCKorDSDCLK ; I2S_BCKorDSDCLK ; 0.000        ; 0.000      ; 22.142     ;
; 2.321  ; DSM_1bit:DSM|I2S_PCM_Converter:b2v_inst|DATA_LR_Buf[7]  ; DSM_1bit:DSM|I2S_PCM_Converter:b2v_inst|DATA_LR_Buf[8]  ; I2S_BCKorDSDCLK ; I2S_BCKorDSDCLK ; 0.000        ; 0.000      ; 2.542      ;
; 2.423  ; DSM_1bit:DSM|I2S_PCM_Converter:b2v_inst|DATA_LR_Buf[21] ; DSM_1bit:DSM|I2S_PCM_Converter:b2v_inst|DATA_LR_Buf[22] ; I2S_BCKorDSDCLK ; I2S_BCKorDSDCLK ; 0.000        ; 0.000      ; 2.644      ;
; 2.502  ; DSM_1bit:DSM|I2S_PCM_Converter:b2v_inst|DATA_LR_Buf[16] ; DSM_1bit:DSM|I2S_PCM_Converter:b2v_inst|DATA_LR_Buf[17] ; I2S_BCKorDSDCLK ; I2S_BCKorDSDCLK ; 0.000        ; 0.000      ; 2.723      ;
; 3.339  ; DSM_1bit:DSM|I2S_PCM_Converter:b2v_inst|DATA_LR_Buf[12] ; DSM_1bit:DSM|I2S_PCM_Converter:b2v_inst|DATA_LR_Buf[13] ; I2S_BCKorDSDCLK ; I2S_BCKorDSDCLK ; 0.000        ; 0.000      ; 3.560      ;
; 21.776 ; DSM_1bit:DSM|DSM_MAXIMIZER:b2v_inst12|QUANT_DATA_Buf    ; DSM_1bit:DSM|DSM_SIGMA:b2v_inst1|DATA_Latch_neg[16]     ; I2S_BCKorDSDCLK ; I2S_BCKorDSDCLK ; -20.400      ; 0.000      ; 1.597      ;
; 21.777 ; DSM_1bit:DSM|DSM_SIGMA:b2v_inst4|DATA_Latch_pos[12]     ; DSM_1bit:DSM|DSM_SIGMA:b2v_inst4|DATA_Latch_neg[12]     ; I2S_BCKorDSDCLK ; I2S_BCKorDSDCLK ; -20.400      ; 0.000      ; 1.598      ;
; 22.041 ; DSM_1bit:DSM|DSM_SIGMA:b2v_inst1|DATA_Latch_pos[0]      ; DSM_1bit:DSM|DSM_SIGMA:b2v_inst1|DATA_Latch_neg[0]      ; I2S_BCKorDSDCLK ; I2S_BCKorDSDCLK ; -20.400      ; 0.000      ; 1.862      ;
; 22.051 ; DSM_1bit:DSM|DSM_SIGMA:b2v_inst4|DATA_Latch_pos[1]      ; DSM_1bit:DSM|DSM_SIGMA:b2v_inst4|DATA_Latch_neg[1]      ; I2S_BCKorDSDCLK ; I2S_BCKorDSDCLK ; -20.400      ; 0.000      ; 1.872      ;
; 22.158 ; DSM_1bit:DSM|DSM_SIGMA:b2v_inst4|DATA_Latch_pos[9]      ; DSM_1bit:DSM|DSM_SIGMA:b2v_inst4|DATA_Latch_neg[9]      ; I2S_BCKorDSDCLK ; I2S_BCKorDSDCLK ; -20.400      ; 0.000      ; 1.979      ;
; 22.161 ; DSM_1bit:DSM|DSM_SIGMA:b2v_inst4|DATA_Latch_pos[14]     ; DSM_1bit:DSM|DSM_SIGMA:b2v_inst4|DATA_Latch_neg[14]     ; I2S_BCKorDSDCLK ; I2S_BCKorDSDCLK ; -20.400      ; 0.000      ; 1.982      ;
; 22.165 ; DSM_1bit:DSM|DSM_SIGMA:b2v_inst1|DATA_Latch_pos[7]      ; DSM_1bit:DSM|DSM_SIGMA:b2v_inst1|DATA_Latch_neg[7]      ; I2S_BCKorDSDCLK ; I2S_BCKorDSDCLK ; -20.400      ; 0.000      ; 1.986      ;
; 22.183 ; DSM_1bit:DSM|DSM_SIGMA:b2v_inst4|DATA_Latch_pos[16]     ; DSM_1bit:DSM|DSM_MAXIMIZER:b2v_inst13|DSDDATA_Buf[0]    ; I2S_BCKorDSDCLK ; I2S_BCKorDSDCLK ; -20.400      ; 0.000      ; 2.004      ;
; 22.418 ; DSM_1bit:DSM|DSM_SIGMA:b2v_inst4|DATA_Latch_pos[15]     ; DSM_1bit:DSM|DSM_SIGMA:b2v_inst4|DATA_Latch_neg[15]     ; I2S_BCKorDSDCLK ; I2S_BCKorDSDCLK ; -20.400      ; 0.000      ; 2.239      ;
; 22.418 ; DSM_1bit:DSM|DSM_SIGMA:b2v_inst4|DATA_Latch_pos[11]     ; DSM_1bit:DSM|DSM_SIGMA:b2v_inst4|DATA_Latch_neg[11]     ; I2S_BCKorDSDCLK ; I2S_BCKorDSDCLK ; -20.400      ; 0.000      ; 2.239      ;
; 22.419 ; DSM_1bit:DSM|DSM_SIGMA:b2v_inst4|DATA_Latch_pos[10]     ; DSM_1bit:DSM|DSM_SIGMA:b2v_inst4|DATA_Latch_neg[10]     ; I2S_BCKorDSDCLK ; I2S_BCKorDSDCLK ; -20.400      ; 0.000      ; 2.240      ;
; 22.423 ; DSM_1bit:DSM|DSM_SIGMA:b2v_inst4|DATA_Latch_pos[13]     ; DSM_1bit:DSM|DSM_SIGMA:b2v_inst4|DATA_Latch_neg[13]     ; I2S_BCKorDSDCLK ; I2S_BCKorDSDCLK ; -20.400      ; 0.000      ; 2.244      ;
; 22.427 ; DSM_1bit:DSM|DSM_SIGMA:b2v_inst4|DATA_Latch_pos[8]      ; DSM_1bit:DSM|DSM_SIGMA:b2v_inst4|DATA_Latch_neg[8]      ; I2S_BCKorDSDCLK ; I2S_BCKorDSDCLK ; -20.400      ; 0.000      ; 2.248      ;
; 22.447 ; DSM_1bit:DSM|DSM_SIGMA:b2v_inst1|DATA_Latch_pos[11]     ; DSM_1bit:DSM|DSM_SIGMA:b2v_inst1|DATA_Latch_neg[11]     ; I2S_BCKorDSDCLK ; I2S_BCKorDSDCLK ; -20.400      ; 0.000      ; 2.268      ;
; 22.449 ; DSM_1bit:DSM|DSM_SIGMA:b2v_inst1|DATA_Latch_pos[13]     ; DSM_1bit:DSM|DSM_SIGMA:b2v_inst1|DATA_Latch_neg[13]     ; I2S_BCKorDSDCLK ; I2S_BCKorDSDCLK ; -20.400      ; 0.000      ; 2.270      ;
; 22.463 ; DSM_1bit:DSM|DSM_SIGMA:b2v_inst4|DATA_Latch_pos[2]      ; DSM_1bit:DSM|DSM_SIGMA:b2v_inst4|DATA_Latch_neg[2]      ; I2S_BCKorDSDCLK ; I2S_BCKorDSDCLK ; -20.400      ; 0.000      ; 2.284      ;
; 22.510 ; DSM_1bit:DSM|DSM_SIGMA:b2v_inst4|DATA_Latch_neg[12]     ; DSM_1bit:DSM|DSM_SIGMA:b2v_inst4|DATA_Latch_pos[11]     ; I2S_BCKorDSDCLK ; I2S_BCKorDSDCLK ; -20.400      ; 0.000      ; 2.331      ;
; 22.519 ; DSM_1bit:DSM|DSM_SIGMA:b2v_inst4|DATA_Latch_neg[1]      ; DSM_1bit:DSM|DSM_SIGMA:b2v_inst4|DATA_Latch_pos[0]      ; I2S_BCKorDSDCLK ; I2S_BCKorDSDCLK ; -20.400      ; 0.000      ; 2.340      ;
; 22.542 ; I2S_BCKorDSDCLK                                         ; DSDCLK                                                  ; I2S_BCKorDSDCLK ; I2S_BCKorDSDCLK ; -20.400      ; 0.000      ; 22.142     ;
; 22.679 ; DSM_1bit:DSM|DSM_SIGMA:b2v_inst1|DATA_Latch_pos[6]      ; DSM_1bit:DSM|DSM_SIGMA:b2v_inst1|DATA_Latch_neg[6]      ; I2S_BCKorDSDCLK ; I2S_BCKorDSDCLK ; -20.400      ; 0.000      ; 2.500      ;
; 22.749 ; DSM_1bit:DSM|DSM_SIGMA:b2v_inst1|DATA_Latch_pos[12]     ; DSM_1bit:DSM|DSM_SIGMA:b2v_inst1|DATA_Latch_neg[12]     ; I2S_BCKorDSDCLK ; I2S_BCKorDSDCLK ; -20.400      ; 0.000      ; 2.570      ;
; 22.751 ; DSM_1bit:DSM|DSM_SIGMA:b2v_inst1|DATA_Latch_pos[4]      ; DSM_1bit:DSM|DSM_SIGMA:b2v_inst1|DATA_Latch_neg[4]      ; I2S_BCKorDSDCLK ; I2S_BCKorDSDCLK ; -20.400      ; 0.000      ; 2.572      ;
; 22.759 ; DSM_1bit:DSM|DSM_SIGMA:b2v_inst4|DATA_Latch_pos[0]      ; DSM_1bit:DSM|DSM_SIGMA:b2v_inst4|DATA_Latch_neg[0]      ; I2S_BCKorDSDCLK ; I2S_BCKorDSDCLK ; -20.400      ; 0.000      ; 2.580      ;
; 22.830 ; DSM_1bit:DSM|DSM_SIGMA:b2v_inst1|DATA_Latch_pos[8]      ; DSM_1bit:DSM|DSM_SIGMA:b2v_inst1|DATA_Latch_neg[8]      ; I2S_BCKorDSDCLK ; I2S_BCKorDSDCLK ; -20.400      ; 0.000      ; 2.651      ;
; 22.855 ; DSM_1bit:DSM|DSM_SIGMA:b2v_inst4|DATA_Latch_pos[5]      ; DSM_1bit:DSM|DSM_SIGMA:b2v_inst4|DATA_Latch_neg[5]      ; I2S_BCKorDSDCLK ; I2S_BCKorDSDCLK ; -20.400      ; 0.000      ; 2.676      ;
; 22.861 ; DSM_1bit:DSM|DSM_SIGMA:b2v_inst1|DATA_Latch_pos[5]      ; DSM_1bit:DSM|DSM_SIGMA:b2v_inst1|DATA_Latch_neg[5]      ; I2S_BCKorDSDCLK ; I2S_BCKorDSDCLK ; -20.400      ; 0.000      ; 2.682      ;
; 22.865 ; DSM_1bit:DSM|DSM_SIGMA:b2v_inst1|DATA_Latch_pos[10]     ; DSM_1bit:DSM|DSM_SIGMA:b2v_inst1|DATA_Latch_neg[10]     ; I2S_BCKorDSDCLK ; I2S_BCKorDSDCLK ; -20.400      ; 0.000      ; 2.686      ;
; 22.930 ; DSM_1bit:DSM|DSM_SIGMA:b2v_inst1|DATA_Latch_neg[15]     ; DSM_1bit:DSM|DSM_SIGMA:b2v_inst1|DATA_Latch_pos[14]     ; I2S_BCKorDSDCLK ; I2S_BCKorDSDCLK ; -20.400      ; 0.000      ; 2.751      ;
; 22.932 ; DSM_1bit:DSM|DSM_SIGMA:b2v_inst4|DATA_Latch_neg[14]     ; DSM_1bit:DSM|DSM_SIGMA:b2v_inst4|DATA_Latch_pos[13]     ; I2S_BCKorDSDCLK ; I2S_BCKorDSDCLK ; -20.400      ; 0.000      ; 2.753      ;
; 22.935 ; DSM_1bit:DSM|DSM_SIGMA:b2v_inst1|DATA_Latch_neg[12]     ; DSM_1bit:DSM|DSM_SIGMA:b2v_inst1|DATA_Latch_pos[11]     ; I2S_BCKorDSDCLK ; I2S_BCKorDSDCLK ; -20.400      ; 0.000      ; 2.756      ;
; 22.959 ; DSM_1bit:DSM|DSM_SIGMA:b2v_inst4|DATA_Latch_pos[4]      ; DSM_1bit:DSM|DSM_SIGMA:b2v_inst4|DATA_Latch_neg[4]      ; I2S_BCKorDSDCLK ; I2S_BCKorDSDCLK ; -20.400      ; 0.000      ; 2.780      ;
; 22.970 ; DSM_1bit:DSM|DSM_SIGMA:b2v_inst4|DATA_Latch_pos[3]      ; DSM_1bit:DSM|DSM_SIGMA:b2v_inst4|DATA_Latch_neg[3]      ; I2S_BCKorDSDCLK ; I2S_BCKorDSDCLK ; -20.400      ; 0.000      ; 2.791      ;
; 22.997 ; DSM_1bit:DSM|DSM_SIGMA:b2v_inst1|DATA_Latch_neg[7]      ; DSM_1bit:DSM|DSM_SIGMA:b2v_inst1|DATA_Latch_pos[6]      ; I2S_BCKorDSDCLK ; I2S_BCKorDSDCLK ; -20.400      ; 0.000      ; 2.818      ;
; 23.008 ; DSM_1bit:DSM|DSM_SIGMA:b2v_inst1|DATA_Latch_pos[14]     ; DSM_1bit:DSM|DSM_SIGMA:b2v_inst1|DATA_Latch_neg[14]     ; I2S_BCKorDSDCLK ; I2S_BCKorDSDCLK ; -20.400      ; 0.000      ; 2.829      ;
; 23.018 ; DSM_1bit:DSM|DSM_SIGMA:b2v_inst4|DATA_Latch_neg[15]     ; DSM_1bit:DSM|DSM_SIGMA:b2v_inst4|DATA_Latch_pos[14]     ; I2S_BCKorDSDCLK ; I2S_BCKorDSDCLK ; -20.400      ; 0.000      ; 2.839      ;
; 23.018 ; DSM_1bit:DSM|DSM_SIGMA:b2v_inst4|DATA_Latch_neg[9]      ; DSM_1bit:DSM|DSM_SIGMA:b2v_inst4|DATA_Latch_pos[8]      ; I2S_BCKorDSDCLK ; I2S_BCKorDSDCLK ; -20.400      ; 0.000      ; 2.839      ;
; 23.022 ; DSM_1bit:DSM|DSM_SIGMA:b2v_inst4|DATA_Latch_neg[13]     ; DSM_1bit:DSM|DSM_SIGMA:b2v_inst4|DATA_Latch_pos[12]     ; I2S_BCKorDSDCLK ; I2S_BCKorDSDCLK ; -20.400      ; 0.000      ; 2.843      ;
; 23.027 ; DSM_1bit:DSM|DSM_SIGMA:b2v_inst1|DATA_Latch_neg[9]      ; DSM_1bit:DSM|DSM_SIGMA:b2v_inst1|DATA_Latch_pos[8]      ; I2S_BCKorDSDCLK ; I2S_BCKorDSDCLK ; -20.400      ; 0.000      ; 2.848      ;
; 23.037 ; DSM_1bit:DSM|DSM_SIGMA:b2v_inst1|DATA_Latch_neg[10]     ; DSM_1bit:DSM|DSM_SIGMA:b2v_inst1|DATA_Latch_pos[9]      ; I2S_BCKorDSDCLK ; I2S_BCKorDSDCLK ; -20.400      ; 0.000      ; 2.858      ;
; 23.040 ; DSM_1bit:DSM|DSM_SIGMA:b2v_inst1|DATA_Latch_neg[11]     ; DSM_1bit:DSM|DSM_SIGMA:b2v_inst1|DATA_Latch_pos[10]     ; I2S_BCKorDSDCLK ; I2S_BCKorDSDCLK ; -20.400      ; 0.000      ; 2.861      ;
; 23.050 ; DSM_1bit:DSM|DSM_SIGMA:b2v_inst1|DATA_Latch_neg[13]     ; DSM_1bit:DSM|DSM_SIGMA:b2v_inst1|DATA_Latch_pos[12]     ; I2S_BCKorDSDCLK ; I2S_BCKorDSDCLK ; -20.400      ; 0.000      ; 2.871      ;
; 23.053 ; DSM_1bit:DSM|DSM_SIGMA:b2v_inst4|DATA_Latch_neg[11]     ; DSM_1bit:DSM|DSM_SIGMA:b2v_inst4|DATA_Latch_pos[10]     ; I2S_BCKorDSDCLK ; I2S_BCKorDSDCLK ; -20.400      ; 0.000      ; 2.874      ;
; 23.062 ; DSM_1bit:DSM|DSM_SIGMA:b2v_inst4|DATA_Latch_neg[10]     ; DSM_1bit:DSM|DSM_SIGMA:b2v_inst4|DATA_Latch_pos[9]      ; I2S_BCKorDSDCLK ; I2S_BCKorDSDCLK ; -20.400      ; 0.000      ; 2.883      ;
; 23.153 ; DSM_1bit:DSM|DSM_SIGMA:b2v_inst1|DATA_Latch_pos[3]      ; DSM_1bit:DSM|DSM_SIGMA:b2v_inst1|DATA_Latch_neg[3]      ; I2S_BCKorDSDCLK ; I2S_BCKorDSDCLK ; -20.400      ; 0.000      ; 2.974      ;
; 23.287 ; DSM_1bit:DSM|DSM_SIGMA:b2v_inst1|DATA_Latch_pos[1]      ; DSM_1bit:DSM|DSM_SIGMA:b2v_inst1|DATA_Latch_neg[1]      ; I2S_BCKorDSDCLK ; I2S_BCKorDSDCLK ; -20.400      ; 0.000      ; 3.108      ;
; 23.342 ; DSM_1bit:DSM|DSM_SIGMA:b2v_inst4|DATA_Latch_neg[12]     ; DSM_1bit:DSM|DSM_SIGMA:b2v_inst4|DATA_Latch_pos[12]     ; I2S_BCKorDSDCLK ; I2S_BCKorDSDCLK ; -20.400      ; 0.000      ; 3.163      ;
; 23.351 ; DSM_1bit:DSM|DSM_SIGMA:b2v_inst4|DATA_Latch_neg[1]      ; DSM_1bit:DSM|DSM_SIGMA:b2v_inst4|DATA_Latch_pos[1]      ; I2S_BCKorDSDCLK ; I2S_BCKorDSDCLK ; -20.400      ; 0.000      ; 3.172      ;
; 23.372 ; DSM_1bit:DSM|DSM_SIGMA:b2v_inst1|DATA_Latch_pos[2]      ; DSM_1bit:DSM|DSM_SIGMA:b2v_inst1|DATA_Latch_neg[2]      ; I2S_BCKorDSDCLK ; I2S_BCKorDSDCLK ; -20.400      ; 0.000      ; 3.193      ;
; 23.404 ; DSM_1bit:DSM|I2S_PCM_Converter:b2v_inst|WCLK_Buf        ; DSM_1bit:DSM|I2S_PCM_Converter:b2v_inst|WCLK_O          ; I2S_BCKorDSDCLK ; I2S_BCKorDSDCLK ; -20.400      ; 0.000      ; 3.225      ;
; 23.462 ; DSM_1bit:DSM|DSM_SIGMA:b2v_inst4|DATA_Latch_neg[1]      ; DSM_1bit:DSM|DSM_SIGMA:b2v_inst4|DATA_Latch_pos[2]      ; I2S_BCKorDSDCLK ; I2S_BCKorDSDCLK ; -20.400      ; 0.000      ; 3.283      ;
; 23.466 ; DSM_1bit:DSM|DSM_SIGMA:b2v_inst1|DATA_Latch_neg[8]      ; DSM_1bit:DSM|DSM_SIGMA:b2v_inst1|DATA_Latch_pos[7]      ; I2S_BCKorDSDCLK ; I2S_BCKorDSDCLK ; -20.400      ; 0.000      ; 3.287      ;
; 23.545 ; DSM_1bit:DSM|DSM_SIGMA:b2v_inst1|DATA_Latch_neg[1]      ; DSM_1bit:DSM|DSM_SIGMA:b2v_inst1|DATA_Latch_pos[0]      ; I2S_BCKorDSDCLK ; I2S_BCKorDSDCLK ; -20.400      ; 0.000      ; 3.366      ;
; 23.545 ; DSM_1bit:DSM|DSM_SIGMA:b2v_inst1|DATA_Latch_pos[15]     ; DSM_1bit:DSM|DSM_SIGMA:b2v_inst1|DATA_Latch_neg[15]     ; I2S_BCKorDSDCLK ; I2S_BCKorDSDCLK ; -20.400      ; 0.000      ; 3.366      ;
; 23.546 ; DSM_1bit:DSM|DSM_SIGMA:b2v_inst4|DATA_Latch_neg[8]      ; DSM_1bit:DSM|DSM_SIGMA:b2v_inst4|DATA_Latch_pos[7]      ; I2S_BCKorDSDCLK ; I2S_BCKorDSDCLK ; -20.400      ; 0.000      ; 3.367      ;
; 23.553 ; DSM_1bit:DSM|DSM_SIGMA:b2v_inst1|DATA_Latch_neg[3]      ; DSM_1bit:DSM|DSM_SIGMA:b2v_inst1|DATA_Latch_pos[2]      ; I2S_BCKorDSDCLK ; I2S_BCKorDSDCLK ; -20.400      ; 0.000      ; 3.374      ;
; 23.568 ; DSM_1bit:DSM|DSM_SIGMA:b2v_inst4|DATA_Latch_neg[2]      ; DSM_1bit:DSM|DSM_SIGMA:b2v_inst4|DATA_Latch_pos[1]      ; I2S_BCKorDSDCLK ; I2S_BCKorDSDCLK ; -20.400      ; 0.000      ; 3.389      ;
; 23.585 ; DSM_1bit:DSM|DSM_SIGMA:b2v_inst4|DATA_Latch_pos[7]      ; DSM_1bit:DSM|DSM_SIGMA:b2v_inst4|DATA_Latch_neg[7]      ; I2S_BCKorDSDCLK ; I2S_BCKorDSDCLK ; -20.400      ; 0.000      ; 3.406      ;
; 23.588 ; DSM_1bit:DSM|DSM_SIGMA:b2v_inst1|DATA_Latch_neg[5]      ; DSM_1bit:DSM|DSM_SIGMA:b2v_inst1|DATA_Latch_pos[4]      ; I2S_BCKorDSDCLK ; I2S_BCKorDSDCLK ; -20.400      ; 0.000      ; 3.409      ;
; 23.590 ; DSM_1bit:DSM|DSM_SIGMA:b2v_inst4|DATA_Latch_neg[3]      ; DSM_1bit:DSM|DSM_SIGMA:b2v_inst4|DATA_Latch_pos[2]      ; I2S_BCKorDSDCLK ; I2S_BCKorDSDCLK ; -20.400      ; 0.000      ; 3.411      ;
; 23.601 ; DSM_1bit:DSM|DSM_SIGMA:b2v_inst1|DATA_Latch_neg[14]     ; DSM_1bit:DSM|DSM_SIGMA:b2v_inst1|DATA_Latch_pos[13]     ; I2S_BCKorDSDCLK ; I2S_BCKorDSDCLK ; -20.400      ; 0.000      ; 3.422      ;
; 23.614 ; DSM_1bit:DSM|DSM_SIGMA:b2v_inst4|DATA_Latch_neg[6]      ; DSM_1bit:DSM|DSM_SIGMA:b2v_inst4|DATA_Latch_pos[5]      ; I2S_BCKorDSDCLK ; I2S_BCKorDSDCLK ; -20.400      ; 0.000      ; 3.435      ;
; 23.652 ; DSM_1bit:DSM|DSM_SIGMA:b2v_inst1|DATA_Latch_neg[4]      ; DSM_1bit:DSM|DSM_SIGMA:b2v_inst1|DATA_Latch_pos[3]      ; I2S_BCKorDSDCLK ; I2S_BCKorDSDCLK ; -20.400      ; 0.000      ; 3.473      ;
; 23.691 ; DSM_1bit:DSM|DSM_SIGMA:b2v_inst4|DATA_Latch_pos[6]      ; DSM_1bit:DSM|DSM_SIGMA:b2v_inst4|DATA_Latch_neg[6]      ; I2S_BCKorDSDCLK ; I2S_BCKorDSDCLK ; -20.400      ; 0.000      ; 3.512      ;
; 23.700 ; DSM_1bit:DSM|DSM_SIGMA:b2v_inst1|DATA_Latch_neg[2]      ; DSM_1bit:DSM|DSM_SIGMA:b2v_inst1|DATA_Latch_pos[1]      ; I2S_BCKorDSDCLK ; I2S_BCKorDSDCLK ; -20.400      ; 0.000      ; 3.521      ;
+--------+---------------------------------------------------------+---------------------------------------------------------+-----------------+-----------------+--------------+------------+------------+


